<?xml version="1.0" encoding="UTF-8"?>
<!-- Generated by org.testng.reporters.JUnitReportReporter -->
<testsuite hostname="LAPTOP-IPCGJ3UF" failures="0" tests="3" name="com.parallelDemo.classD" time="16.764" errors="0" timestamp="12 Nov 2022 06:24:24 GMT">
  <testcase classname="com.parallelDemo.classD" name="testcase2" time="3.085"/>
  <testcase classname="com.parallelDemo.classD" name="testcase3" time="2.962"/>
  <testcase classname="com.parallelDemo.classD" name="testcase1" time="10.717"/>
</testsuite> <!-- com.parallelDemo.classD -->
