<?xml version="1.0" encoding="UTF-8"?>
<!-- Generated by org.testng.reporters.JUnitReportReporter -->
<testsuite hostname="LAPTOP-IPCGJ3UF" failures="0" tests="3" name="testNG.dataprovider" time="0.014" errors="0" timestamp="15 Nov 2022 18:42:23 GMT">
  <testcase classname="testNG.dataprovider" name="Login" time="0.001"/>
  <testcase classname="testNG.dataprovider" name="Login" time="0.010"/>
  <testcase classname="testNG.dataprovider" name="Login" time="0.003"/>
</testsuite> <!-- testNG.dataprovider -->
