<?xml version="1.0" encoding="UTF-8"?>
<!-- Generated by org.testng.reporters.JUnitReportReporter -->
<testsuite hostname="LAPTOP-IPCGJ3UF" failures="0" tests="2" name="com.parallelDemo.classB" time="0.013" errors="0" timestamp="15 Nov 2022 17:16:19 GMT">
  <testcase classname="com.parallelDemo.classB" name="testcase2" time="0.001"/>
  <testcase classname="com.parallelDemo.classB" name="testcase1" time="0.012"/>
</testsuite> <!-- com.parallelDemo.classB -->
