<?xml version="1.0" encoding="UTF-8"?>
<!-- Generated by org.testng.reporters.JUnitReportReporter -->
<testsuite hostname="LAPTOP-IPCGJ3UF" failures="0" tests="2" name="testNG.Grouping" time="0.011" errors="0" timestamp="15 Nov 2022 18:13:58 GMT">
  <testcase classname="testNG.Grouping" name="sample1" time="0.010"/>
  <testcase classname="testNG.Grouping" name="sample3" time="0.001"/>
</testsuite> <!-- testNG.Grouping -->
