<?xml version="1.0" encoding="UTF-8"?>
<!-- Generated by org.testng.reporters.JUnitReportReporter -->
<testsuite hostname="LAPTOP-IPCGJ3UF" failures="0" tests="2" name="CrossBrowserTesting.CBT" time="13.449" errors="0" timestamp="15 Nov 2022 10:58:58 GMT">
  <testcase classname="CrossBrowserTesting.CBT" name="verifypage" time="6.762"/>
  <testcase classname="CrossBrowserTesting.CBT" name="verifypage" time="6.687"/>
</testsuite> <!-- CrossBrowserTesting.CBT -->
