<?xml version="1.0" encoding="UTF-8"?>
<!-- Generated by org.testng.reporters.JUnitReportReporter -->
<testsuite hostname="LAPTOP-IPCGJ3UF" failures="0" tests="2" name="com.parallelDemo.classE" time="0.024" errors="0" timestamp="8 Nov 2022 17:29:04 GMT">
  <testcase classname="com.parallelDemo.classE" name="testMethos1" time="0.012"/>
  <testcase classname="com.parallelDemo.classE" name="testMethos1" time="0.012"/>
</testsuite> <!-- com.parallelDemo.classE -->
