<?xml version="1.0" encoding="UTF-8"?>
<!-- Generated by org.testng.reporters.JUnitReportReporter -->
<testsuite hostname="LAPTOP-IPCGJ3UF" failures="0" tests="3" name="com.parallelDemo.classA" time="34.450" errors="0" timestamp="15 Nov 2022 17:19:41 GMT">
  <testcase classname="com.parallelDemo.classA" name="testcase3" time="9.390"/>
  <testcase classname="com.parallelDemo.classA" name="testcase2" time="12.147"/>
  <testcase classname="com.parallelDemo.classA" name="testcase1" time="12.913"/>
</testsuite> <!-- com.parallelDemo.classA -->
