<?xml version="1.0" encoding="UTF-8"?>
<!-- Generated by org.testng.reporters.JUnitReportReporter -->
<testsuite hostname="LAPTOP-IPCGJ3UF" failures="0" tests="2" name="com.parallelDemo.classC" time="0.016" errors="0" timestamp="15 Nov 2022 17:16:19 GMT">
  <testcase classname="com.parallelDemo.classC" name="testcase4" time="0.004"/>
  <testcase classname="com.parallelDemo.classC" name="testcase3" time="0.012"/>
</testsuite> <!-- com.parallelDemo.classC -->
