<?xml version="1.0" encoding="UTF-8"?>
<!-- Generated by org.testng.reporters.JUnitReportReporter -->
<testsuite hostname="LAPTOP-IPCGJ3UF" failures="0" tests="3" name="testNG.priority" time="0.015" errors="0" timestamp="15 Nov 2022 18:27:46 GMT">
  <testcase classname="testNG.priority" name="Abc" time="0.012"/>
  <testcase classname="testNG.priority" name="abc" time="0.001"/>
  <testcase classname="testNG.priority" name="dac" time="0.002"/>
</testsuite> <!-- testNG.priority -->
